<?xml version="1.0" encoding="UTF-8"?>
<!-- Generated by org.testng.reporters.JUnitReportReporter -->
<testsuite hostname="DESKTOP-GC7TFRH" failures="0" tests="4" name="com.flipkart.qa.tests.ProductPageTest" time="534.552" errors="0" timestamp="13 Mar 2021 13:47:20 GMT" skipped="0">
  <testcase classname="com.flipkart.qa.tests.ProductPageTest" name="productPageValidation" time="153.302"/>
  <testcase classname="com.flipkart.qa.tests.ProductPageTest" name="productPageValidation" time="121.829"/>
  <testcase classname="com.flipkart.qa.tests.ProductPageTest" name="productPageValidation" time="78.131"/>
  <testcase classname="com.flipkart.qa.tests.ProductPageTest" name="productPageValidation" time="181.290"/>
</testsuite> <!-- com.flipkart.qa.tests.ProductPageTest -->
