<?xml version="1.0" encoding="UTF-8"?>
<!-- Generated by org.testng.reporters.JUnitReportReporter -->
<testsuite hostname="DESKTOP-GC7TFRH" failures="0" tests="1" name="com.flipkart.qa.tests.ProductPageTest" time="46.644" errors="0" timestamp="14 Mar 2021 07:18:18 GMT" skipped="0">
  <testcase classname="com.flipkart.qa.tests.ProductPageTest" name="productPageValidation" time="46.644"/>
</testsuite> <!-- com.flipkart.qa.tests.ProductPageTest -->
